2021-05-22 12:19:31,792:INFO:PyCaret Supervised Module
2021-05-22 12:19:31,792:INFO:ML Usecase: classification
2021-05-22 12:19:31,793:INFO:version 2.3.1
2021-05-22 12:19:31,793:INFO:Initializing setup()
2021-05-22 12:19:31,793:INFO:setup(target=Exited, ml_usecase=classification, available_plots={'parameter': 'Hyperparameters', 'auc': 'AUC', 'confusion_matrix': 'Confusion Matrix', 'threshold': 'Threshold', 'pr': 'Precision Recall', 'error': 'Prediction Error', 'class_report': 'Class Report', 'rfe': 'Feature Selection', 'learning': 'Learning Curve', 'manifold': 'Manifold Learning', 'calibration': 'Calibration Curve', 'vc': 'Validation Curve', 'dimension': 'Dimensions', 'feature': 'Feature Importance', 'feature_all': 'Feature Importance (All)', 'boundary': 'Decision Boundary', 'lift': 'Lift Chart', 'gain': 'Gain Chart', 'tree': 'Decision Tree'}, train_size=0.7, test_data=None, preprocess=True, imputation_type=simple, iterative_imputation_iters=5, categorical_features=None, categorical_imputation=constant, categorical_iterative_imputer=lightgbm, ordinal_features=None, high_cardinality_features=None, high_cardinality_method=frequency, numeric_features=None, numeric_imputation=mean, numeric_iterative_imputer=lightgbm, date_features=None, ignore_features=None, normalize=False, normalize_method=zscore, transformation=False, transformation_method=yeo-johnson, handle_unknown_categorical=True, unknown_categorical_method=least_frequent, pca=False, pca_method=linear, pca_components=None, ignore_low_variance=False, combine_rare_levels=False, rare_level_threshold=0.1, bin_numeric_features=None, remove_outliers=False, outliers_threshold=0.05, remove_multicollinearity=False, multicollinearity_threshold=0.9, remove_perfect_collinearity=True, create_clusters=False, cluster_iter=20, polynomial_features=False, polynomial_degree=2, trigonometry_features=False, polynomial_threshold=0.1, group_features=None, group_names=None, feature_selection=False, feature_selection_threshold=0.8, feature_selection_method=classic, feature_interaction=False, feature_ratio=False, interaction_threshold=0.01, fix_imbalance=False, fix_imbalance_method=None, transform_target=False, transform_target_method=box-cox, data_split_shuffle=True, data_split_stratify=False, fold_strategy=stratifiedkfold, fold=10, fold_shuffle=False, fold_groups=None, n_jobs=-1, use_gpu=False, custom_pipeline=None, html=True, session_id=None, log_experiment=False, experiment_name=None, log_plots=False, log_profile=False, log_data=False, silent=False, verbose=True, profile=False, profile_kwargs=None, display=None)
2021-05-22 12:19:31,811:INFO:Checking environment
2021-05-22 12:19:31,811:INFO:python_version: 3.8.5
2021-05-22 12:19:31,811:INFO:python_build: ('default', 'Sep  3 2020 21:29:08')
2021-05-22 12:19:31,811:INFO:machine: AMD64
2021-05-22 12:19:31,811:INFO:platform: Windows-10-10.0.19041-SP0
2021-05-22 12:19:31,811:INFO:Memory: svmem(total=12777775104, available=5438193664, percent=57.4, used=7339581440, free=5438193664)
2021-05-22 12:19:31,811:INFO:Physical Core: 4
2021-05-22 12:19:31,812:INFO:Logical Core: 8
2021-05-22 12:19:31,812:INFO:Checking libraries
2021-05-22 12:19:31,812:INFO:pd==1.1.3
2021-05-22 12:19:31,812:INFO:numpy==1.19.2
2021-05-22 12:19:31,812:INFO:sklearn==0.24.2
2021-05-22 12:19:31,812:INFO:lightgbm==3.2.1
2021-05-22 12:19:31,813:WARNING:catboost not found
2021-05-22 12:19:33,555:INFO:xgboost==1.3.3
2021-05-22 12:19:34,938:INFO:mlflow==1.17.0
2021-05-22 12:19:34,939:INFO:Checking Exceptions
2021-05-22 12:19:34,939:INFO:Declaring global variables
2021-05-22 12:19:34,939:INFO:USI: 22cf
2021-05-22 12:19:34,939:INFO:pycaret_globals: {'_all_models_internal', 'fold_shuffle_param', 'X', 'transform_target_method_param', 'gpu_param', 'stratify_param', 'X_test', '_gpu_n_jobs_param', 'target_param', 'iterative_imputation_iters_param', 'X_train', 'imputation_regressor', 'fold_generator', 'experiment__', 'pycaret_globals', 'prep_pipe', 'logging_param', '_all_metrics', 'y_test', '_ml_usecase', 'create_model_container', 'transform_target_param', '_available_plots', 'fix_imbalance_method_param', 'fold_groups_param', 'data_before_preprocess', 'exp_name_log', 'fold_groups_param_full', 'imputation_classifier', 'seed', 'fix_imbalance_param', 'n_jobs_param', '_internal_pipeline', 'display_container', 'master_model_container', 'y_train', '_all_models', 'fold_param', 'y', 'log_plots_param', 'USI', 'html_param'}
2021-05-22 12:19:34,939:INFO:Preparing display monitor
2021-05-22 12:19:34,939:INFO:Preparing display monitor
2021-05-22 12:19:34,992:INFO:Importing libraries
2021-05-22 12:19:34,992:INFO:Copying data for preprocessing
2021-05-22 12:19:35,002:INFO:Declaring preprocessing parameters
2021-05-22 12:19:35,005:INFO:Creating preprocessing pipeline
2021-05-22 12:19:35,022:INFO:Preprocessing pipeline created successfully
2021-05-22 12:19:35,022:ERROR:(Process Exit): setup has been interupted with user command 'quit'. setup must rerun.
2021-05-22 12:19:35,023:INFO:Creating global containers
2021-05-22 12:19:35,023:INFO:Internal pipeline: Pipeline(memory=None, steps=[('empty_step', 'passthrough')], verbose=False)
2021-05-22 12:22:49,726:WARNING:Couldn't import catboost.CatBoostClassifier
2021-05-22 12:22:49,799:WARNING:Couldn't import catboost.CatBoostClassifier
2021-05-22 12:22:49,799:INFO:Creating grid variables
2021-05-22 12:22:49,909:INFO:create_model_container: 0
2021-05-22 12:22:49,909:INFO:master_model_container: 0
2021-05-22 12:22:49,909:INFO:display_container: 1
2021-05-23 19:24:45,195:INFO:PyCaret Supervised Module
2021-05-23 19:24:45,208:INFO:ML Usecase: classification
2021-05-23 19:24:45,208:INFO:version 2.3.1
2021-05-23 19:24:45,208:INFO:Initializing setup()
2021-05-23 19:24:45,208:INFO:setup(target=Exited, ml_usecase=classification, available_plots={'parameter': 'Hyperparameters', 'auc': 'AUC', 'confusion_matrix': 'Confusion Matrix', 'threshold': 'Threshold', 'pr': 'Precision Recall', 'error': 'Prediction Error', 'class_report': 'Class Report', 'rfe': 'Feature Selection', 'learning': 'Learning Curve', 'manifold': 'Manifold Learning', 'calibration': 'Calibration Curve', 'vc': 'Validation Curve', 'dimension': 'Dimensions', 'feature': 'Feature Importance', 'feature_all': 'Feature Importance (All)', 'boundary': 'Decision Boundary', 'lift': 'Lift Chart', 'gain': 'Gain Chart', 'tree': 'Decision Tree'}, train_size=0.7, test_data=None, preprocess=True, imputation_type=simple, iterative_imputation_iters=5, categorical_features=None, categorical_imputation=constant, categorical_iterative_imputer=lightgbm, ordinal_features=None, high_cardinality_features=None, high_cardinality_method=frequency, numeric_features=None, numeric_imputation=mean, numeric_iterative_imputer=lightgbm, date_features=None, ignore_features=None, normalize=False, normalize_method=zscore, transformation=False, transformation_method=yeo-johnson, handle_unknown_categorical=True, unknown_categorical_method=least_frequent, pca=False, pca_method=linear, pca_components=None, ignore_low_variance=False, combine_rare_levels=False, rare_level_threshold=0.1, bin_numeric_features=None, remove_outliers=False, outliers_threshold=0.05, remove_multicollinearity=False, multicollinearity_threshold=0.9, remove_perfect_collinearity=True, create_clusters=False, cluster_iter=20, polynomial_features=False, polynomial_degree=2, trigonometry_features=False, polynomial_threshold=0.1, group_features=None, group_names=None, feature_selection=False, feature_selection_threshold=0.8, feature_selection_method=classic, feature_interaction=False, feature_ratio=False, interaction_threshold=0.01, fix_imbalance=False, fix_imbalance_method=None, transform_target=False, transform_target_method=box-cox, data_split_shuffle=True, data_split_stratify=False, fold_strategy=stratifiedkfold, fold=10, fold_shuffle=False, fold_groups=None, n_jobs=-1, use_gpu=False, custom_pipeline=None, html=True, session_id=None, log_experiment=False, experiment_name=None, log_plots=False, log_profile=False, log_data=False, silent=False, verbose=True, profile=False, profile_kwargs=None, display=None)
2021-05-23 19:24:45,208:INFO:Checking environment
2021-05-23 19:24:45,208:INFO:python_version: 3.8.5
2021-05-23 19:24:45,208:INFO:python_build: ('default', 'Sep  3 2020 21:29:08')
2021-05-23 19:24:45,208:INFO:machine: AMD64
2021-05-23 19:24:45,209:INFO:platform: Windows-10-10.0.19041-SP0
2021-05-23 19:24:45,209:INFO:Memory: svmem(total=12777775104, available=7065104384, percent=44.7, used=5712670720, free=7065104384)
2021-05-23 19:24:45,209:INFO:Physical Core: 4
2021-05-23 19:24:45,209:INFO:Logical Core: 8
2021-05-23 19:24:45,209:INFO:Checking libraries
2021-05-23 19:24:45,209:INFO:pd==1.1.3
2021-05-23 19:24:45,209:INFO:numpy==1.19.5
2021-05-23 19:24:45,209:INFO:sklearn==0.23.2
2021-05-23 19:24:45,209:INFO:lightgbm==3.2.1
2021-05-23 19:24:45,210:WARNING:catboost not found
2021-05-23 19:24:45,595:INFO:xgboost==1.3.3
2021-05-23 19:24:49,834:INFO:mlflow==1.17.0
2021-05-23 19:24:49,834:INFO:Checking Exceptions
2021-05-23 19:24:49,834:INFO:Declaring global variables
2021-05-23 19:24:49,834:INFO:USI: 94d2
2021-05-23 19:24:49,834:INFO:pycaret_globals: {'_gpu_n_jobs_param', 'fix_imbalance_method_param', '_all_models_internal', 'X', 'USI', 'imputation_regressor', 'fold_shuffle_param', 'data_before_preprocess', '_available_plots', 'X_train', 'y_test', 'html_param', 'y', 'fix_imbalance_param', 'logging_param', '_internal_pipeline', 'imputation_classifier', 'display_container', 'seed', 'experiment__', 'log_plots_param', 'exp_name_log', 'stratify_param', 'prep_pipe', '_ml_usecase', 'fold_param', 'fold_groups_param_full', 'X_test', 'create_model_container', 'y_train', 'fold_generator', 'transform_target_method_param', 'transform_target_param', 'master_model_container', 'pycaret_globals', '_all_models', 'gpu_param', 'fold_groups_param', 'iterative_imputation_iters_param', 'n_jobs_param', 'target_param', '_all_metrics'}
2021-05-23 19:24:49,834:INFO:Preparing display monitor
2021-05-23 19:24:49,834:INFO:Preparing display monitor
2021-05-23 19:24:49,852:INFO:Importing libraries
2021-05-23 19:24:49,852:INFO:Copying data for preprocessing
2021-05-23 19:24:49,860:INFO:Declaring preprocessing parameters
2021-05-23 19:24:49,862:INFO:Creating preprocessing pipeline
2021-05-23 19:24:49,875:INFO:Preprocessing pipeline created successfully
2021-05-23 19:24:49,875:ERROR:(Process Exit): setup has been interupted with user command 'quit'. setup must rerun.
2021-05-23 19:24:49,875:INFO:Creating global containers
2021-05-23 19:24:49,876:INFO:Internal pipeline: Pipeline(memory=None, steps=[('empty_step', 'passthrough')], verbose=False)
2021-05-23 19:24:55,435:WARNING:Couldn't import catboost.CatBoostClassifier
2021-05-23 19:24:55,490:WARNING:Couldn't import catboost.CatBoostClassifier
2021-05-23 19:24:55,490:INFO:Creating grid variables
2021-05-23 19:24:55,622:INFO:create_model_container: 0
2021-05-23 19:24:55,622:INFO:master_model_container: 0
2021-05-23 19:24:55,622:INFO:display_container: 1
2021-05-23 19:24:55,622:INFO:Pipeline(memory=None,
         steps=[('dtypes',
                 DataTypes_Auto_infer(categorical_features=[],
                                      display_types=True, features_todrop=[],
                                      id_columns=[],
                                      ml_usecase='classification',
                                      numerical_features=[], target='Exited',
                                      time_features=[])),
                ('imputer',
                 Simple_Imputer(categorical_strategy='not_available',
                                fill_value_categorical=None,
                                fill_value_numerical=None,
                                numeric_strat...
                ('scaling', 'passthrough'), ('P_transform', 'passthrough'),
                ('binn', 'passthrough'), ('rem_outliers', 'passthrough'),
                ('cluster_all', 'passthrough'),
                ('dummy', Dummify(target='Exited')),
                ('fix_perfect', Remove_100(target='Exited')),
                ('clean_names', Clean_Colum_Names()),
                ('feature_select', 'passthrough'), ('fix_multi', 'passthrough'),
                ('dfs', 'passthrough'), ('pca', 'passthrough')],
         verbose=False)
2021-05-23 19:24:55,622:INFO:setup() succesfully completed......................................
2021-05-23 19:43:35,501:INFO:Initializing compare_models()
2021-05-23 19:43:35,501:INFO:compare_models(include=None, fold=None, round=4, cross_validation=True, sort=Accuracy, n_select=1, budget_time=None, turbo=True, errors=ignore, fit_kwargs=None, groups=None, verbose=True, display=None, exclude=None)
2021-05-23 19:43:35,501:INFO:Checking exceptions
2021-05-23 19:43:35,503:INFO:Preparing display monitor
2021-05-23 19:43:35,503:INFO:Preparing display monitor
2021-05-23 19:43:35,527:INFO:Initializing Logistic Regression
2021-05-23 19:43:35,527:INFO:Total runtime is 0.0 minutes
2021-05-23 19:43:35,535:INFO:SubProcess create_model() called ==================================
2021-05-23 19:43:35,535:INFO:Initializing create_model()
2021-05-23 19:43:35,535:INFO:create_model(estimator=lr, fold=StratifiedKFold(n_splits=10, random_state=None, shuffle=False), round=4, cross_validation=True, predict=True, fit_kwargs={}, groups=None, refit=False, verbose=False, system=False, metrics=None, display=<pycaret.internal.Display.Display object at 0x000001CB5FFB1D90>, kwargs={})
2021-05-23 19:43:35,535:INFO:Checking exceptions
2021-05-23 19:43:35,535:INFO:Importing libraries
2021-05-23 19:43:35,535:INFO:Copying training dataset
2021-05-23 19:43:35,536:INFO:Defining folds
2021-05-23 19:43:35,536:INFO:Declaring metric variables
2021-05-23 19:43:35,543:INFO:Importing untrained model
2021-05-23 19:43:35,550:INFO:Logistic Regression Imported succesfully
2021-05-23 19:43:35,566:INFO:Starting cross validation
2021-05-23 19:43:35,567:INFO:Cross validating with StratifiedKFold(n_splits=10, random_state=None, shuffle=False), n_jobs=-1
2021-05-23 19:43:42,451:INFO:Calculating mean and std
2021-05-23 19:43:42,451:INFO:Creating metrics dataframe
2021-05-23 19:43:42,456:INFO:Uploading results into container
2021-05-23 19:43:42,456:INFO:Uploading model into container now
2021-05-23 19:43:42,456:INFO:create_model_container: 1
2021-05-23 19:43:42,456:INFO:master_model_container: 1
2021-05-23 19:43:42,456:INFO:display_container: 2
2021-05-23 19:43:42,456:INFO:LogisticRegression(C=1.0, class_weight=None, dual=False, fit_intercept=True,
                   intercept_scaling=1, l1_ratio=None, max_iter=1000,
                   multi_class='auto', n_jobs=None, penalty='l2',
                   random_state=8493, solver='lbfgs', tol=0.0001, verbose=0,
                   warm_start=False)
2021-05-23 19:43:42,456:INFO:create_model() succesfully completed......................................
2021-05-23 19:43:42,535:INFO:SubProcess create_model() end ==================================
2021-05-23 19:43:42,535:INFO:Creating metrics dataframe
2021-05-23 19:43:42,548:INFO:Initializing K Neighbors Classifier
2021-05-23 19:43:42,548:INFO:Total runtime is 0.1170154849688212 minutes
2021-05-23 19:43:42,556:INFO:SubProcess create_model() called ==================================
2021-05-23 19:43:42,556:INFO:Initializing create_model()
2021-05-23 19:43:42,556:INFO:create_model(estimator=knn, fold=StratifiedKFold(n_splits=10, random_state=None, shuffle=False), round=4, cross_validation=True, predict=True, fit_kwargs={}, groups=None, refit=False, verbose=False, system=False, metrics=None, display=<pycaret.internal.Display.Display object at 0x000001CB5FFB1D90>, kwargs={})
2021-05-23 19:43:42,556:INFO:Checking exceptions
2021-05-23 19:43:42,556:INFO:Importing libraries
2021-05-23 19:43:42,556:INFO:Copying training dataset
2021-05-23 19:43:42,557:INFO:Defining folds
2021-05-23 19:43:42,557:INFO:Declaring metric variables
2021-05-23 19:43:42,566:INFO:Importing untrained model
2021-05-23 19:43:42,573:INFO:K Neighbors Classifier Imported succesfully
2021-05-23 19:43:42,590:INFO:Starting cross validation
2021-05-23 19:43:42,591:INFO:Cross validating with StratifiedKFold(n_splits=10, random_state=None, shuffle=False), n_jobs=-1
2021-05-23 19:43:42,891:INFO:Calculating mean and std
2021-05-23 19:43:42,893:INFO:Creating metrics dataframe
2021-05-23 19:43:42,896:INFO:Uploading results into container
2021-05-23 19:43:42,897:INFO:Uploading model into container now
2021-05-23 19:43:42,897:INFO:create_model_container: 2
2021-05-23 19:43:42,897:INFO:master_model_container: 2
2021-05-23 19:43:42,897:INFO:display_container: 2
2021-05-23 19:43:42,897:INFO:KNeighborsClassifier(algorithm='auto', leaf_size=30, metric='minkowski',
                     metric_params=None, n_jobs=-1, n_neighbors=5, p=2,
                     weights='uniform')
2021-05-23 19:43:42,898:INFO:create_model() succesfully completed......................................
2021-05-23 19:43:42,963:INFO:SubProcess create_model() end ==================================
2021-05-23 19:43:42,963:INFO:Creating metrics dataframe
2021-05-23 19:43:42,977:INFO:Initializing Naive Bayes
2021-05-23 19:43:42,977:INFO:Total runtime is 0.12415831883748372 minutes
2021-05-23 19:43:42,984:INFO:SubProcess create_model() called ==================================
2021-05-23 19:43:42,984:INFO:Initializing create_model()
2021-05-23 19:43:42,984:INFO:create_model(estimator=nb, fold=StratifiedKFold(n_splits=10, random_state=None, shuffle=False), round=4, cross_validation=True, predict=True, fit_kwargs={}, groups=None, refit=False, verbose=False, system=False, metrics=None, display=<pycaret.internal.Display.Display object at 0x000001CB5FFB1D90>, kwargs={})
2021-05-23 19:43:42,984:INFO:Checking exceptions
2021-05-23 19:43:42,985:INFO:Importing libraries
2021-05-23 19:43:42,985:INFO:Copying training dataset
2021-05-23 19:43:42,985:INFO:Defining folds
2021-05-23 19:43:42,986:INFO:Declaring metric variables
2021-05-23 19:43:42,994:INFO:Importing untrained model
2021-05-23 19:43:43,003:INFO:Naive Bayes Imported succesfully
2021-05-23 19:43:43,020:INFO:Starting cross validation
2021-05-23 19:43:43,020:INFO:Cross validating with StratifiedKFold(n_splits=10, random_state=None, shuffle=False), n_jobs=-1
2021-05-23 19:43:43,098:INFO:Calculating mean and std
2021-05-23 19:43:43,099:INFO:Creating metrics dataframe
2021-05-23 19:43:43,102:INFO:Uploading results into container
2021-05-23 19:43:43,102:INFO:Uploading model into container now
2021-05-23 19:43:43,102:INFO:create_model_container: 3
2021-05-23 19:43:43,102:INFO:master_model_container: 3
2021-05-23 19:43:43,102:INFO:display_container: 2
2021-05-23 19:43:43,103:INFO:GaussianNB(priors=None, var_smoothing=1e-09)
2021-05-23 19:43:43,103:INFO:create_model() succesfully completed......................................
2021-05-23 19:43:43,165:INFO:SubProcess create_model() end ==================================
2021-05-23 19:43:43,165:INFO:Creating metrics dataframe
2021-05-23 19:43:43,182:INFO:Initializing Decision Tree Classifier
2021-05-23 19:43:43,183:INFO:Total runtime is 0.12759345372517905 minutes
2021-05-23 19:43:43,191:INFO:SubProcess create_model() called ==================================
2021-05-23 19:43:43,191:INFO:Initializing create_model()
2021-05-23 19:43:43,191:INFO:create_model(estimator=dt, fold=StratifiedKFold(n_splits=10, random_state=None, shuffle=False), round=4, cross_validation=True, predict=True, fit_kwargs={}, groups=None, refit=False, verbose=False, system=False, metrics=None, display=<pycaret.internal.Display.Display object at 0x000001CB5FFB1D90>, kwargs={})
2021-05-23 19:43:43,191:INFO:Checking exceptions
2021-05-23 19:43:43,192:INFO:Importing libraries
2021-05-23 19:43:43,192:INFO:Copying training dataset
2021-05-23 19:43:43,192:INFO:Defining folds
2021-05-23 19:43:43,192:INFO:Declaring metric variables
2021-05-23 19:43:43,202:INFO:Importing untrained model
2021-05-23 19:43:43,211:INFO:Decision Tree Classifier Imported succesfully
2021-05-23 19:43:43,228:INFO:Starting cross validation
2021-05-23 19:43:43,228:INFO:Cross validating with StratifiedKFold(n_splits=10, random_state=None, shuffle=False), n_jobs=-1
2021-05-23 19:43:43,368:INFO:Calculating mean and std
2021-05-23 19:43:43,369:INFO:Creating metrics dataframe
2021-05-23 19:43:43,373:INFO:Uploading results into container
2021-05-23 19:43:43,373:INFO:Uploading model into container now
2021-05-23 19:43:43,374:INFO:create_model_container: 4
2021-05-23 19:43:43,374:INFO:master_model_container: 4
2021-05-23 19:43:43,374:INFO:display_container: 2
2021-05-23 19:43:43,374:INFO:DecisionTreeClassifier(ccp_alpha=0.0, class_weight=None, criterion='gini',
                       max_depth=None, max_features=None, max_leaf_nodes=None,
                       min_impurity_decrease=0.0, min_impurity_split=None,
                       min_samples_leaf=1, min_samples_split=2,
                       min_weight_fraction_leaf=0.0, presort='deprecated',
                       random_state=8493, splitter='best')
2021-05-23 19:43:43,374:INFO:create_model() succesfully completed......................................
2021-05-23 19:43:43,441:INFO:SubProcess create_model() end ==================================
2021-05-23 19:43:43,441:INFO:Creating metrics dataframe
2021-05-23 19:43:43,455:INFO:Initializing SVM - Linear Kernel
2021-05-23 19:43:43,455:INFO:Total runtime is 0.13212549289067588 minutes
2021-05-23 19:43:43,463:INFO:SubProcess create_model() called ==================================
2021-05-23 19:43:43,464:INFO:Initializing create_model()
2021-05-23 19:43:43,464:INFO:create_model(estimator=svm, fold=StratifiedKFold(n_splits=10, random_state=None, shuffle=False), round=4, cross_validation=True, predict=True, fit_kwargs={}, groups=None, refit=False, verbose=False, system=False, metrics=None, display=<pycaret.internal.Display.Display object at 0x000001CB5FFB1D90>, kwargs={})
2021-05-23 19:43:43,464:INFO:Checking exceptions
2021-05-23 19:43:43,464:INFO:Importing libraries
2021-05-23 19:43:43,464:INFO:Copying training dataset
2021-05-23 19:43:43,465:INFO:Defining folds
2021-05-23 19:43:43,465:INFO:Declaring metric variables
2021-05-23 19:43:43,474:INFO:Importing untrained model
2021-05-23 19:43:43,483:INFO:SVM - Linear Kernel Imported succesfully
2021-05-23 19:43:43,501:INFO:Starting cross validation
2021-05-23 19:43:43,502:INFO:Cross validating with StratifiedKFold(n_splits=10, random_state=None, shuffle=False), n_jobs=-1
2021-05-23 19:43:43,800:INFO:Calculating mean and std
2021-05-23 19:43:43,801:INFO:Creating metrics dataframe
2021-05-23 19:43:43,804:INFO:Uploading results into container
2021-05-23 19:43:43,805:INFO:Uploading model into container now
2021-05-23 19:43:43,805:INFO:create_model_container: 5
2021-05-23 19:43:43,805:INFO:master_model_container: 5
2021-05-23 19:43:43,805:INFO:display_container: 2
2021-05-23 19:43:43,805:INFO:SGDClassifier(alpha=0.0001, average=False, class_weight=None,
              early_stopping=False, epsilon=0.1, eta0=0.001, fit_intercept=True,
              l1_ratio=0.15, learning_rate='optimal', loss='hinge',
              max_iter=1000, n_iter_no_change=5, n_jobs=-1, penalty='l2',
              power_t=0.5, random_state=8493, shuffle=True, tol=0.001,
              validation_fraction=0.1, verbose=0, warm_start=False)
2021-05-23 19:43:43,806:INFO:create_model() succesfully completed......................................
2021-05-23 19:43:43,872:INFO:SubProcess create_model() end ==================================
2021-05-23 19:43:43,872:INFO:Creating metrics dataframe
2021-05-23 19:43:43,888:INFO:Initializing Ridge Classifier
2021-05-23 19:43:43,888:INFO:Total runtime is 0.13934696515401207 minutes
2021-05-23 19:43:43,896:INFO:SubProcess create_model() called ==================================
2021-05-23 19:43:43,897:INFO:Initializing create_model()
2021-05-23 19:43:43,897:INFO:create_model(estimator=ridge, fold=StratifiedKFold(n_splits=10, random_state=None, shuffle=False), round=4, cross_validation=True, predict=True, fit_kwargs={}, groups=None, refit=False, verbose=False, system=False, metrics=None, display=<pycaret.internal.Display.Display object at 0x000001CB5FFB1D90>, kwargs={})
2021-05-23 19:43:43,897:INFO:Checking exceptions
2021-05-23 19:43:43,897:INFO:Importing libraries
2021-05-23 19:43:43,897:INFO:Copying training dataset
2021-05-23 19:43:43,898:INFO:Defining folds
2021-05-23 19:43:43,898:INFO:Declaring metric variables
2021-05-23 19:43:43,906:INFO:Importing untrained model
2021-05-23 19:43:43,914:INFO:Ridge Classifier Imported succesfully
2021-05-23 19:43:43,934:INFO:Starting cross validation
2021-05-23 19:43:43,934:INFO:Cross validating with StratifiedKFold(n_splits=10, random_state=None, shuffle=False), n_jobs=-1
2021-05-23 19:43:44,340:INFO:Calculating mean and std
2021-05-23 19:43:44,341:INFO:Creating metrics dataframe
2021-05-23 19:43:44,344:INFO:Uploading results into container
2021-05-23 19:43:44,344:INFO:Uploading model into container now
2021-05-23 19:43:44,344:INFO:create_model_container: 6
2021-05-23 19:43:44,345:INFO:master_model_container: 6
2021-05-23 19:43:44,345:INFO:display_container: 2
2021-05-23 19:43:44,346:INFO:RidgeClassifier(alpha=1.0, class_weight=None, copy_X=True, fit_intercept=True,
                max_iter=None, normalize=False, random_state=8493,
                solver='auto', tol=0.001)
2021-05-23 19:43:44,346:INFO:create_model() succesfully completed......................................
2021-05-23 19:43:44,414:INFO:SubProcess create_model() end ==================================
2021-05-23 19:43:44,414:INFO:Creating metrics dataframe
2021-05-23 19:43:44,430:INFO:Initializing Random Forest Classifier
2021-05-23 19:43:44,430:INFO:Total runtime is 0.1483804782231649 minutes
2021-05-23 19:43:44,437:INFO:SubProcess create_model() called ==================================
2021-05-23 19:43:44,438:INFO:Initializing create_model()
2021-05-23 19:43:44,438:INFO:create_model(estimator=rf, fold=StratifiedKFold(n_splits=10, random_state=None, shuffle=False), round=4, cross_validation=True, predict=True, fit_kwargs={}, groups=None, refit=False, verbose=False, system=False, metrics=None, display=<pycaret.internal.Display.Display object at 0x000001CB5FFB1D90>, kwargs={})
2021-05-23 19:43:44,438:INFO:Checking exceptions
2021-05-23 19:43:44,438:INFO:Importing libraries
2021-05-23 19:43:44,438:INFO:Copying training dataset
2021-05-23 19:43:44,438:INFO:Defining folds
2021-05-23 19:43:44,439:INFO:Declaring metric variables
2021-05-23 19:43:44,446:INFO:Importing untrained model
2021-05-23 19:43:44,456:INFO:Random Forest Classifier Imported succesfully
2021-05-23 19:43:44,479:INFO:Starting cross validation
2021-05-23 19:43:44,480:INFO:Cross validating with StratifiedKFold(n_splits=10, random_state=None, shuffle=False), n_jobs=-1
2021-05-23 19:43:46,227:INFO:Calculating mean and std
2021-05-23 19:43:46,228:INFO:Creating metrics dataframe
2021-05-23 19:43:46,232:INFO:Uploading results into container
2021-05-23 19:43:46,232:INFO:Uploading model into container now
2021-05-23 19:43:46,233:INFO:create_model_container: 7
2021-05-23 19:43:46,233:INFO:master_model_container: 7
2021-05-23 19:43:46,233:INFO:display_container: 2
2021-05-23 19:43:46,233:INFO:RandomForestClassifier(bootstrap=True, ccp_alpha=0.0, class_weight=None,
                       criterion='gini', max_depth=None, max_features='auto',
                       max_leaf_nodes=None, max_samples=None,
                       min_impurity_decrease=0.0, min_impurity_split=None,
                       min_samples_leaf=1, min_samples_split=2,
                       min_weight_fraction_leaf=0.0, n_estimators=100,
                       n_jobs=-1, oob_score=False, random_state=8493, verbose=0,
                       warm_start=False)
2021-05-23 19:43:46,233:INFO:create_model() succesfully completed......................................
2021-05-23 19:43:46,298:INFO:SubProcess create_model() end ==================================
2021-05-23 19:43:46,298:INFO:Creating metrics dataframe
2021-05-23 19:43:46,313:INFO:Initializing Quadratic Discriminant Analysis
2021-05-23 19:43:46,313:INFO:Total runtime is 0.17976135412851973 minutes
2021-05-23 19:43:46,321:INFO:SubProcess create_model() called ==================================
2021-05-23 19:43:46,321:INFO:Initializing create_model()
2021-05-23 19:43:46,321:INFO:create_model(estimator=qda, fold=StratifiedKFold(n_splits=10, random_state=None, shuffle=False), round=4, cross_validation=True, predict=True, fit_kwargs={}, groups=None, refit=False, verbose=False, system=False, metrics=None, display=<pycaret.internal.Display.Display object at 0x000001CB5FFB1D90>, kwargs={})
2021-05-23 19:43:46,322:INFO:Checking exceptions
2021-05-23 19:43:46,322:INFO:Importing libraries
2021-05-23 19:43:46,322:INFO:Copying training dataset
2021-05-23 19:43:46,322:INFO:Defining folds
2021-05-23 19:43:46,323:INFO:Declaring metric variables
2021-05-23 19:43:46,330:INFO:Importing untrained model
2021-05-23 19:43:46,344:INFO:Quadratic Discriminant Analysis Imported succesfully
2021-05-23 19:43:46,362:INFO:Starting cross validation
2021-05-23 19:43:46,362:INFO:Cross validating with StratifiedKFold(n_splits=10, random_state=None, shuffle=False), n_jobs=-1
2021-05-23 19:43:47,156:INFO:Calculating mean and std
2021-05-23 19:43:47,157:INFO:Creating metrics dataframe
2021-05-23 19:43:47,160:INFO:Uploading results into container
2021-05-23 19:43:47,160:INFO:Uploading model into container now
2021-05-23 19:43:47,160:INFO:create_model_container: 8
2021-05-23 19:43:47,161:INFO:master_model_container: 8
2021-05-23 19:43:47,161:INFO:display_container: 2
2021-05-23 19:43:47,161:INFO:QuadraticDiscriminantAnalysis(priors=None, reg_param=0.0,
                              store_covariance=False, tol=0.0001)
2021-05-23 19:43:47,161:INFO:create_model() succesfully completed......................................
2021-05-23 19:43:47,233:INFO:SubProcess create_model() end ==================================
2021-05-23 19:43:47,233:INFO:Creating metrics dataframe
2021-05-23 19:43:47,248:INFO:Initializing Ada Boost Classifier
2021-05-23 19:43:47,248:INFO:Total runtime is 0.19535461664199832 minutes
2021-05-23 19:43:47,256:INFO:SubProcess create_model() called ==================================
2021-05-23 19:43:47,257:INFO:Initializing create_model()
2021-05-23 19:43:47,257:INFO:create_model(estimator=ada, fold=StratifiedKFold(n_splits=10, random_state=None, shuffle=False), round=4, cross_validation=True, predict=True, fit_kwargs={}, groups=None, refit=False, verbose=False, system=False, metrics=None, display=<pycaret.internal.Display.Display object at 0x000001CB5FFB1D90>, kwargs={})
2021-05-23 19:43:47,257:INFO:Checking exceptions
2021-05-23 19:43:47,257:INFO:Importing libraries
2021-05-23 19:43:47,257:INFO:Copying training dataset
2021-05-23 19:43:47,257:INFO:Defining folds
2021-05-23 19:43:47,258:INFO:Declaring metric variables
2021-05-23 19:43:47,265:INFO:Importing untrained model
2021-05-23 19:43:47,274:INFO:Ada Boost Classifier Imported succesfully
2021-05-23 19:43:47,292:INFO:Starting cross validation
2021-05-23 19:43:47,293:INFO:Cross validating with StratifiedKFold(n_splits=10, random_state=None, shuffle=False), n_jobs=-1
2021-05-23 19:43:48,138:INFO:Calculating mean and std
2021-05-23 19:43:48,138:INFO:Creating metrics dataframe
2021-05-23 19:43:48,142:INFO:Uploading results into container
2021-05-23 19:43:48,142:INFO:Uploading model into container now
2021-05-23 19:43:48,142:INFO:create_model_container: 9
2021-05-23 19:43:48,142:INFO:master_model_container: 9
2021-05-23 19:43:48,142:INFO:display_container: 2
2021-05-23 19:43:48,143:INFO:AdaBoostClassifier(algorithm='SAMME.R', base_estimator=None, learning_rate=1.0,
                   n_estimators=50, random_state=8493)
2021-05-23 19:43:48,143:INFO:create_model() succesfully completed......................................
2021-05-23 19:43:48,212:INFO:SubProcess create_model() end ==================================
2021-05-23 19:43:48,212:INFO:Creating metrics dataframe
2021-05-23 19:43:48,229:INFO:Initializing Gradient Boosting Classifier
2021-05-23 19:43:48,229:INFO:Total runtime is 0.21169426043828332 minutes
2021-05-23 19:43:48,238:INFO:SubProcess create_model() called ==================================
2021-05-23 19:43:48,238:INFO:Initializing create_model()
2021-05-23 19:43:48,238:INFO:create_model(estimator=gbc, fold=StratifiedKFold(n_splits=10, random_state=None, shuffle=False), round=4, cross_validation=True, predict=True, fit_kwargs={}, groups=None, refit=False, verbose=False, system=False, metrics=None, display=<pycaret.internal.Display.Display object at 0x000001CB5FFB1D90>, kwargs={})
2021-05-23 19:43:48,238:INFO:Checking exceptions
2021-05-23 19:43:48,238:INFO:Importing libraries
2021-05-23 19:43:48,238:INFO:Copying training dataset
2021-05-23 19:43:48,239:INFO:Defining folds
2021-05-23 19:43:48,239:INFO:Declaring metric variables
2021-05-23 19:43:48,247:INFO:Importing untrained model
2021-05-23 19:43:48,259:INFO:Gradient Boosting Classifier Imported succesfully
2021-05-23 19:43:48,276:INFO:Starting cross validation
2021-05-23 19:43:48,277:INFO:Cross validating with StratifiedKFold(n_splits=10, random_state=None, shuffle=False), n_jobs=-1
2021-05-23 19:43:50,540:INFO:Calculating mean and std
2021-05-23 19:43:50,541:INFO:Creating metrics dataframe
2021-05-23 19:43:50,545:INFO:Uploading results into container
2021-05-23 19:43:50,545:INFO:Uploading model into container now
2021-05-23 19:43:50,545:INFO:create_model_container: 10
2021-05-23 19:43:50,545:INFO:master_model_container: 10
2021-05-23 19:43:50,545:INFO:display_container: 2
2021-05-23 19:43:50,546:INFO:GradientBoostingClassifier(ccp_alpha=0.0, criterion='friedman_mse', init=None,
                           learning_rate=0.1, loss='deviance', max_depth=3,
                           max_features=None, max_leaf_nodes=None,
                           min_impurity_decrease=0.0, min_impurity_split=None,
                           min_samples_leaf=1, min_samples_split=2,
                           min_weight_fraction_leaf=0.0, n_estimators=100,
                           n_iter_no_change=None, presort='deprecated',
                           random_state=8493, subsample=1.0, tol=0.0001,
                           validation_fraction=0.1, verbose=0,
                           warm_start=False)
2021-05-23 19:43:50,546:INFO:create_model() succesfully completed......................................
2021-05-23 19:43:50,611:INFO:SubProcess create_model() end ==================================
2021-05-23 19:43:50,611:INFO:Creating metrics dataframe
2021-05-23 19:43:50,628:INFO:Initializing Linear Discriminant Analysis
2021-05-23 19:43:50,628:INFO:Total runtime is 0.25168803930282596 minutes
2021-05-23 19:43:50,635:INFO:SubProcess create_model() called ==================================
2021-05-23 19:43:50,636:INFO:Initializing create_model()
2021-05-23 19:43:50,636:INFO:create_model(estimator=lda, fold=StratifiedKFold(n_splits=10, random_state=None, shuffle=False), round=4, cross_validation=True, predict=True, fit_kwargs={}, groups=None, refit=False, verbose=False, system=False, metrics=None, display=<pycaret.internal.Display.Display object at 0x000001CB5FFB1D90>, kwargs={})
2021-05-23 19:43:50,636:INFO:Checking exceptions
2021-05-23 19:43:50,636:INFO:Importing libraries
2021-05-23 19:43:50,636:INFO:Copying training dataset
2021-05-23 19:43:50,637:INFO:Defining folds
2021-05-23 19:43:50,637:INFO:Declaring metric variables
2021-05-23 19:43:50,644:INFO:Importing untrained model
2021-05-23 19:43:50,654:INFO:Linear Discriminant Analysis Imported succesfully
2021-05-23 19:43:50,672:INFO:Starting cross validation
2021-05-23 19:43:50,673:INFO:Cross validating with StratifiedKFold(n_splits=10, random_state=None, shuffle=False), n_jobs=-1
2021-05-23 19:43:51,279:INFO:Calculating mean and std
2021-05-23 19:43:51,280:INFO:Creating metrics dataframe
2021-05-23 19:43:51,283:INFO:Uploading results into container
2021-05-23 19:43:51,283:INFO:Uploading model into container now
2021-05-23 19:43:51,283:INFO:create_model_container: 11
2021-05-23 19:43:51,283:INFO:master_model_container: 11
2021-05-23 19:43:51,283:INFO:display_container: 2
2021-05-23 19:43:51,284:INFO:LinearDiscriminantAnalysis(n_components=None, priors=None, shrinkage=None,
                           solver='svd', store_covariance=False, tol=0.0001)
2021-05-23 19:43:51,284:INFO:create_model() succesfully completed......................................
2021-05-23 19:43:51,351:INFO:SubProcess create_model() end ==================================
2021-05-23 19:43:51,351:INFO:Creating metrics dataframe
2021-05-23 19:43:51,368:INFO:Initializing Extra Trees Classifier
2021-05-23 19:43:51,368:INFO:Total runtime is 0.2640072623888652 minutes
2021-05-23 19:43:51,375:INFO:SubProcess create_model() called ==================================
2021-05-23 19:43:51,375:INFO:Initializing create_model()
2021-05-23 19:43:51,375:INFO:create_model(estimator=et, fold=StratifiedKFold(n_splits=10, random_state=None, shuffle=False), round=4, cross_validation=True, predict=True, fit_kwargs={}, groups=None, refit=False, verbose=False, system=False, metrics=None, display=<pycaret.internal.Display.Display object at 0x000001CB5FFB1D90>, kwargs={})
2021-05-23 19:43:51,376:INFO:Checking exceptions
2021-05-23 19:43:51,376:INFO:Importing libraries
2021-05-23 19:43:51,376:INFO:Copying training dataset
2021-05-23 19:43:51,377:INFO:Defining folds
2021-05-23 19:43:51,377:INFO:Declaring metric variables
2021-05-23 19:43:51,384:INFO:Importing untrained model
2021-05-23 19:43:51,393:INFO:Extra Trees Classifier Imported succesfully
2021-05-23 19:43:51,412:INFO:Starting cross validation
2021-05-23 19:43:51,412:INFO:Cross validating with StratifiedKFold(n_splits=10, random_state=None, shuffle=False), n_jobs=-1
2021-05-23 19:43:53,182:INFO:Calculating mean and std
2021-05-23 19:43:53,183:INFO:Creating metrics dataframe
2021-05-23 19:43:53,187:INFO:Uploading results into container
2021-05-23 19:43:53,188:INFO:Uploading model into container now
2021-05-23 19:43:53,188:INFO:create_model_container: 12
2021-05-23 19:43:53,188:INFO:master_model_container: 12
2021-05-23 19:43:53,188:INFO:display_container: 2
2021-05-23 19:43:53,188:INFO:ExtraTreesClassifier(bootstrap=False, ccp_alpha=0.0, class_weight=None,
                     criterion='gini', max_depth=None, max_features='auto',
                     max_leaf_nodes=None, max_samples=None,
                     min_impurity_decrease=0.0, min_impurity_split=None,
                     min_samples_leaf=1, min_samples_split=2,
                     min_weight_fraction_leaf=0.0, n_estimators=100, n_jobs=-1,
                     oob_score=False, random_state=8493, verbose=0,
                     warm_start=False)
2021-05-23 19:43:53,188:INFO:create_model() succesfully completed......................................
2021-05-23 19:43:53,258:INFO:SubProcess create_model() end ==================================
2021-05-23 19:43:53,258:INFO:Creating metrics dataframe
2021-05-23 19:43:53,276:INFO:Initializing Extreme Gradient Boosting
2021-05-23 19:43:53,276:INFO:Total runtime is 0.29580627679824834 minutes
2021-05-23 19:43:53,282:INFO:SubProcess create_model() called ==================================
2021-05-23 19:43:53,282:INFO:Initializing create_model()
2021-05-23 19:43:53,282:INFO:create_model(estimator=xgboost, fold=StratifiedKFold(n_splits=10, random_state=None, shuffle=False), round=4, cross_validation=True, predict=True, fit_kwargs={}, groups=None, refit=False, verbose=False, system=False, metrics=None, display=<pycaret.internal.Display.Display object at 0x000001CB5FFB1D90>, kwargs={})
2021-05-23 19:43:53,282:INFO:Checking exceptions
2021-05-23 19:43:53,282:INFO:Importing libraries
2021-05-23 19:43:53,282:INFO:Copying training dataset
2021-05-23 19:43:53,284:INFO:Defining folds
2021-05-23 19:43:53,284:INFO:Declaring metric variables
2021-05-23 19:43:53,293:INFO:Importing untrained model
2021-05-23 19:43:53,303:INFO:Extreme Gradient Boosting Imported succesfully
2021-05-23 19:43:53,322:INFO:Starting cross validation
2021-05-23 19:43:53,323:INFO:Cross validating with StratifiedKFold(n_splits=10, random_state=None, shuffle=False), n_jobs=-1
2021-05-23 19:43:58,527:INFO:Calculating mean and std
2021-05-23 19:43:58,529:INFO:Creating metrics dataframe
2021-05-23 19:43:58,538:INFO:Uploading results into container
2021-05-23 19:43:58,538:INFO:Uploading model into container now
2021-05-23 19:43:58,538:INFO:create_model_container: 13
2021-05-23 19:43:58,539:INFO:master_model_container: 13
2021-05-23 19:43:58,539:INFO:display_container: 2
2021-05-23 19:43:58,540:INFO:XGBClassifier(base_score=None, booster='gbtree', colsample_bylevel=None,
              colsample_bynode=None, colsample_bytree=None, gamma=None,
              gpu_id=None, importance_type='gain', interaction_constraints=None,
              learning_rate=None, max_delta_step=None, max_depth=None,
              min_child_weight=None, missing=nan, monotone_constraints=None,
              n_estimators=100, n_jobs=-1, num_parallel_tree=None,
              objective='binary:logistic', random_state=8493, reg_alpha=None,
              reg_lambda=None, scale_pos_weight=None, subsample=None,
              tree_method='auto', use_label_encoder=True,
              validate_parameters=None, verbosity=0)
2021-05-23 19:43:58,541:INFO:create_model() succesfully completed......................................
2021-05-23 19:43:58,644:INFO:SubProcess create_model() end ==================================
2021-05-23 19:43:58,645:INFO:Creating metrics dataframe
2021-05-23 19:43:58,665:INFO:Initializing Light Gradient Boosting Machine
2021-05-23 19:43:58,665:INFO:Total runtime is 0.3856288552284241 minutes
2021-05-23 19:43:58,672:INFO:SubProcess create_model() called ==================================
2021-05-23 19:43:58,673:INFO:Initializing create_model()
2021-05-23 19:43:58,673:INFO:create_model(estimator=lightgbm, fold=StratifiedKFold(n_splits=10, random_state=None, shuffle=False), round=4, cross_validation=True, predict=True, fit_kwargs={}, groups=None, refit=False, verbose=False, system=False, metrics=None, display=<pycaret.internal.Display.Display object at 0x000001CB5FFB1D90>, kwargs={})
2021-05-23 19:43:58,673:INFO:Checking exceptions
2021-05-23 19:43:58,673:INFO:Importing libraries
2021-05-23 19:43:58,673:INFO:Copying training dataset
2021-05-23 19:43:58,674:INFO:Defining folds
2021-05-23 19:43:58,674:INFO:Declaring metric variables
2021-05-23 19:43:58,682:INFO:Importing untrained model
2021-05-23 19:43:58,690:INFO:Light Gradient Boosting Machine Imported succesfully
2021-05-23 19:43:58,708:INFO:Starting cross validation
2021-05-23 19:43:58,708:INFO:Cross validating with StratifiedKFold(n_splits=10, random_state=None, shuffle=False), n_jobs=-1
2021-05-23 19:44:00,673:INFO:Calculating mean and std
2021-05-23 19:44:00,675:INFO:Creating metrics dataframe
2021-05-23 19:44:00,682:INFO:Uploading results into container
2021-05-23 19:44:00,682:INFO:Uploading model into container now
2021-05-23 19:44:00,683:INFO:create_model_container: 14
2021-05-23 19:44:00,684:INFO:master_model_container: 14
2021-05-23 19:44:00,684:INFO:display_container: 2
2021-05-23 19:44:00,684:INFO:LGBMClassifier(boosting_type='gbdt', class_weight=None, colsample_bytree=1.0,
               importance_type='split', learning_rate=0.1, max_depth=-1,
               min_child_samples=20, min_child_weight=0.001, min_split_gain=0.0,
               n_estimators=100, n_jobs=-1, num_leaves=31, objective=None,
               random_state=8493, reg_alpha=0.0, reg_lambda=0.0, silent=True,
               subsample=1.0, subsample_for_bin=200000, subsample_freq=0)
2021-05-23 19:44:00,684:INFO:create_model() succesfully completed......................................
2021-05-23 19:44:00,770:INFO:SubProcess create_model() end ==================================
2021-05-23 19:44:00,770:INFO:Creating metrics dataframe
2021-05-23 19:44:00,818:INFO:Initializing create_model()
2021-05-23 19:44:00,819:INFO:create_model(estimator=GradientBoostingClassifier(ccp_alpha=0.0, criterion='friedman_mse', init=None,
                           learning_rate=0.1, loss='deviance', max_depth=3,
                           max_features=None, max_leaf_nodes=None,
                           min_impurity_decrease=0.0, min_impurity_split=None,
                           min_samples_leaf=1, min_samples_split=2,
                           min_weight_fraction_leaf=0.0, n_estimators=100,
                           n_iter_no_change=None, presort='deprecated',
                           random_state=8493, subsample=1.0, tol=0.0001,
                           validation_fraction=0.1, verbose=0,
                           warm_start=False), fold=StratifiedKFold(n_splits=10, random_state=None, shuffle=False), round=4, cross_validation=False, predict=False, fit_kwargs={}, groups=None, refit=True, verbose=False, system=False, metrics=None, display=None, kwargs={})
2021-05-23 19:44:00,819:INFO:Checking exceptions
2021-05-23 19:44:00,819:INFO:Importing libraries
2021-05-23 19:44:00,819:INFO:Copying training dataset
2021-05-23 19:44:00,819:INFO:Defining folds
2021-05-23 19:44:00,819:INFO:Declaring metric variables
2021-05-23 19:44:00,819:INFO:Importing untrained model
2021-05-23 19:44:00,819:INFO:Declaring custom model
2021-05-23 19:44:00,820:INFO:Gradient Boosting Classifier Imported succesfully
2021-05-23 19:44:00,821:INFO:Cross validation set to False
2021-05-23 19:44:00,821:INFO:Fitting Model
2021-05-23 19:44:01,744:INFO:GradientBoostingClassifier(ccp_alpha=0.0, criterion='friedman_mse', init=None,
                           learning_rate=0.1, loss='deviance', max_depth=3,
                           max_features=None, max_leaf_nodes=None,
                           min_impurity_decrease=0.0, min_impurity_split=None,
                           min_samples_leaf=1, min_samples_split=2,
                           min_weight_fraction_leaf=0.0, n_estimators=100,
                           n_iter_no_change=None, presort='deprecated',
                           random_state=8493, subsample=1.0, tol=0.0001,
                           validation_fraction=0.1, verbose=0,
                           warm_start=False)
2021-05-23 19:44:01,744:INFO:create_models() succesfully completed......................................
2021-05-23 19:44:01,847:INFO:create_model_container: 14
2021-05-23 19:44:01,848:INFO:master_model_container: 14
2021-05-23 19:44:01,848:INFO:display_container: 2
2021-05-23 19:44:01,848:INFO:GradientBoostingClassifier(ccp_alpha=0.0, criterion='friedman_mse', init=None,
                           learning_rate=0.1, loss='deviance', max_depth=3,
                           max_features=None, max_leaf_nodes=None,
                           min_impurity_decrease=0.0, min_impurity_split=None,
                           min_samples_leaf=1, min_samples_split=2,
                           min_weight_fraction_leaf=0.0, n_estimators=100,
                           n_iter_no_change=None, presort='deprecated',
                           random_state=8493, subsample=1.0, tol=0.0001,
                           validation_fraction=0.1, verbose=0,
                           warm_start=False)
2021-05-23 19:44:01,848:INFO:compare_models() succesfully completed......................................
2021-05-23 19:44:45,916:INFO:Initializing create_model()
2021-05-23 19:44:45,917:INFO:create_model(estimator=gbc, fold=None, round=4, cross_validation=True, predict=True, fit_kwargs=None, groups=None, refit=True, verbose=True, system=True, metrics=None, display=None, kwargs={})
2021-05-23 19:44:45,917:INFO:Checking exceptions
2021-05-23 19:44:45,917:INFO:Preparing display monitor
2021-05-23 19:44:45,933:INFO:Importing libraries
2021-05-23 19:44:45,933:INFO:Copying training dataset
2021-05-23 19:44:45,934:INFO:Defining folds
2021-05-23 19:44:45,934:INFO:Declaring metric variables
2021-05-23 19:44:45,941:INFO:Importing untrained model
2021-05-23 19:44:45,948:INFO:Gradient Boosting Classifier Imported succesfully
2021-05-23 19:44:45,964:INFO:Starting cross validation
2021-05-23 19:44:45,965:INFO:Cross validating with StratifiedKFold(n_splits=10, random_state=None, shuffle=False), n_jobs=-1
2021-05-23 19:44:48,240:INFO:Calculating mean and std
2021-05-23 19:44:48,241:INFO:Creating metrics dataframe
2021-05-23 19:44:48,253:INFO:Finalizing model
2021-05-23 19:44:49,175:INFO:Uploading results into container
2021-05-23 19:44:49,175:INFO:Uploading model into container now
2021-05-23 19:44:49,189:INFO:create_model_container: 15
2021-05-23 19:44:49,189:INFO:master_model_container: 15
2021-05-23 19:44:49,189:INFO:display_container: 3
2021-05-23 19:44:49,190:INFO:GradientBoostingClassifier(ccp_alpha=0.0, criterion='friedman_mse', init=None,
                           learning_rate=0.1, loss='deviance', max_depth=3,
                           max_features=None, max_leaf_nodes=None,
                           min_impurity_decrease=0.0, min_impurity_split=None,
                           min_samples_leaf=1, min_samples_split=2,
                           min_weight_fraction_leaf=0.0, n_estimators=100,
                           n_iter_no_change=None, presort='deprecated',
                           random_state=8493, subsample=1.0, tol=0.0001,
                           validation_fraction=0.1, verbose=0,
                           warm_start=False)
2021-05-23 19:44:49,190:INFO:create_model() succesfully completed......................................
2021-05-23 19:45:54,419:INFO:Initializing predict_model()
2021-05-23 19:45:54,419:INFO:predict_model(estimator=GradientBoostingClassifier(ccp_alpha=0.0, criterion='friedman_mse', init=None,
                           learning_rate=0.1, loss='deviance', max_depth=3,
                           max_features=None, max_leaf_nodes=None,
                           min_impurity_decrease=0.0, min_impurity_split=None,
                           min_samples_leaf=1, min_samples_split=2,
                           min_weight_fraction_leaf=0.0, n_estimators=100,
                           n_iter_no_change=None, presort='deprecated',
                           random_state=8493, subsample=1.0, tol=0.0001,
                           validation_fraction=0.1, verbose=0,
                           warm_start=False), probability_threshold=None, encoded_labels=False, raw_score=False, round=4, verbose=True, ml_usecase=MLUsecase.CLASSIFICATION, display=None)
2021-05-23 19:45:54,419:INFO:Checking exceptions
2021-05-23 19:45:54,419:INFO:Preloading libraries
2021-05-23 19:45:54,419:INFO:Preparing display monitor
